<?xml version="1.0" encoding="UTF-8"?>
<testsuite name="com.skillbox.cryptobot.service.SubscribersServiceTest" tests="10" skipped="0" failures="0" errors="0" timestamp="2025-07-08T12:28:51" hostname="WIN-Q4UI1OOSVA6" time="0.342">
  <properties/>
  <testcase name="setPriceSuccess()" classname="com.skillbox.cryptobot.service.SubscribersServiceTest" time="0.288"/>
  <testcase name="getSubscriberByIdSuccess()" classname="com.skillbox.cryptobot.service.SubscribersServiceTest" time="0.009"/>
  <testcase name="getSubscriptionWithNotNullPriceSuccess()" classname="com.skillbox.cryptobot.service.SubscribersServiceTest" time="0.01"/>
  <testcase name="setLastNotificationSuccess()" classname="com.skillbox.cryptobot.service.SubscribersServiceTest" time="0.003"/>
  <testcase name="findAllByPriceAndNotificationsIntervalSuccess()" classname="com.skillbox.cryptobot.service.SubscribersServiceTest" time="0.005"/>
  <testcase name="addSubscribeSuccess()" classname="com.skillbox.cryptobot.service.SubscribersServiceTest" time="0.002"/>
  <testcase name="deleteSubscribeSuccess()" classname="com.skillbox.cryptobot.service.SubscribersServiceTest" time="0.003"/>
  <testcase name="getSubscriberByIdFail()" classname="com.skillbox.cryptobot.service.SubscribersServiceTest" time="0.004"/>
  <testcase name="getSubscriptionWithNullPriceSuccess()" classname="com.skillbox.cryptobot.service.SubscribersServiceTest" time="0.002"/>
  <testcase name="createSubscribersSuccess()" classname="com.skillbox.cryptobot.service.SubscribersServiceTest" time="0.003"/>
  <system-out><![CDATA[]]></system-out>
  <system-err><![CDATA[]]></system-err>
</testsuite>
