<?xml version="1.0" encoding="UTF-8"?>
<testsuite name="com.skillbox.cryptobot.CryptoBotApplicationTests" tests="1" skipped="0" failures="0" errors="0" timestamp="2025-07-08T12:28:45" hostname="WIN-Q4UI1OOSVA6" time="0.029">
  <properties/>
  <testcase name="contextLoads()" classname="com.skillbox.cryptobot.CryptoBotApplicationTests" time="0.029"/>
  <system-out><![CDATA[9999999.12
]]></system-out>
  <system-err><![CDATA[]]></system-err>
</testsuite>
