<?xml version="1.0" encoding="UTF-8"?>
<testsuite name="com.skillbox.cryptobot.service.CryptoCurrencyServiceTest" tests="2" skipped="0" failures="0" errors="0" timestamp="2025-07-08T12:28:51" hostname="WIN-Q4UI1OOSVA6" time="0.076">
  <properties/>
  <testcase name="getBitcoinPriceSuccess()" classname="com.skillbox.cryptobot.service.CryptoCurrencyServiceTest" time="0.067"/>
  <testcase name="getBitcoinPriceFail()" classname="com.skillbox.cryptobot.service.CryptoCurrencyServiceTest" time="0.008"/>
  <system-out><![CDATA[]]></system-out>
  <system-err><![CDATA[]]></system-err>
</testsuite>
