<?xml version="1.0" encoding="UTF-8"?>
<testsuite name="com.skillbox.cryptobot.bot.command.SubscribeCommandTest" tests="2" skipped="0" failures="0" errors="0" timestamp="2025-07-08T12:28:51" hostname="WIN-Q4UI1OOSVA6" time="0.027">
  <properties/>
  <testcase name="processMessageSuccess()" classname="com.skillbox.cryptobot.bot.command.SubscribeCommandTest" time="0.014"/>
  <testcase name="testProcessMessageFail()" classname="com.skillbox.cryptobot.bot.command.SubscribeCommandTest" time="0.009"/>
  <system-out><![CDATA[]]></system-out>
  <system-err><![CDATA[]]></system-err>
</testsuite>
